<?xml version="1.0" encoding="UTF-8"?>
<coverage generated="1777535991188" clover="3.2.0">
  <project timestamp="1777535991188" name="All files">
    <metrics statements="47" coveredstatements="25" conditionals="39" coveredconditionals="30" methods="5" coveredmethods="1" elements="91" coveredelements="56" complexity="0" loc="47" ncloc="47" packages="1" files="1" classes="1"/>
    <file name="app.js" path="/Users/yagmureksi/unitTestProject/src/app.js">
      <metrics statements="47" coveredstatements="25" conditionals="39" coveredconditionals="30" methods="5" coveredmethods="1"/>
      <line num="6" count="30" type="stmt"/>
      <line num="7" count="30" type="stmt"/>
      <line num="10" count="30" type="cond" truecount="2" falsecount="0"/>
      <line num="11" count="28" type="cond" truecount="2" falsecount="0"/>
      <line num="14" count="30" type="cond" truecount="2" falsecount="0"/>
      <line num="15" count="28" type="cond" truecount="2" falsecount="0"/>
      <line num="18" count="30" type="cond" truecount="2" falsecount="0"/>
      <line num="20" count="28" type="stmt"/>
      <line num="21" count="28" type="cond" truecount="2" falsecount="0"/>
      <line num="25" count="30" type="cond" truecount="2" falsecount="0"/>
      <line num="27" count="28" type="stmt"/>
      <line num="28" count="28" type="stmt"/>
      <line num="29" count="28" type="stmt"/>
      <line num="30" count="28" type="stmt"/>
      <line num="31" count="28" type="cond" truecount="4" falsecount="1"/>
      <line num="32" count="0" type="stmt"/>
      <line num="34" count="28" type="cond" truecount="2" falsecount="0"/>
      <line num="38" count="30" type="cond" truecount="2" falsecount="0"/>
      <line num="39" count="30" type="cond" truecount="2" falsecount="0"/>
      <line num="42" count="30" type="cond" truecount="2" falsecount="0"/>
      <line num="44" count="30" type="stmt"/>
      <line num="50" count="1" type="cond" truecount="1" falsecount="1"/>
      <line num="51" count="0" type="stmt"/>
      <line num="52" count="0" type="stmt"/>
      <line num="53" count="0" type="stmt"/>
      <line num="61" count="0" type="stmt"/>
      <line num="62" count="0" type="stmt"/>
      <line num="63" count="0" type="stmt"/>
      <line num="64" count="0" type="cond" truecount="0" falsecount="2"/>
      <line num="65" count="0" type="stmt"/>
      <line num="67" count="0" type="stmt"/>
      <line num="68" count="0" type="stmt"/>
      <line num="73" count="1" type="cond" truecount="1" falsecount="1"/>
      <line num="76" count="1" type="cond" truecount="1" falsecount="1"/>
      <line num="77" count="0" type="stmt"/>
      <line num="78" count="0" type="stmt"/>
      <line num="81" count="0" type="stmt"/>
      <line num="90" count="0" type="stmt"/>
      <line num="91" count="0" type="stmt"/>
      <line num="92" count="0" type="stmt"/>
      <line num="94" count="0" type="cond" truecount="0" falsecount="2"/>
      <line num="95" count="0" type="stmt"/>
      <line num="96" count="0" type="stmt"/>
      <line num="99" count="0" type="stmt"/>
      <line num="100" count="0" type="stmt"/>
      <line num="106" count="1" type="cond" truecount="1" falsecount="1"/>
      <line num="107" count="1" type="stmt"/>
    </file>
  </project>
</coverage>
