<?xml version="1.0" encoding="UTF-8"?>
<coverage generated="1777807291474" clover="3.2.0">
  <project timestamp="1777807291474" name="All files">
    <metrics statements="49" coveredstatements="27" conditionals="43" coveredconditionals="34" methods="5" coveredmethods="1" elements="97" coveredelements="62" complexity="0" loc="49" ncloc="49" packages="1" files="1" classes="1"/>
    <file name="app.js" path="/Users/yagmureksi/unitTestProject/src/app.js">
      <metrics statements="49" coveredstatements="27" conditionals="43" coveredconditionals="34" methods="5" coveredmethods="1"/>
      <line num="4" count="30" type="stmt"/>
      <line num="5" count="30" type="stmt"/>
      <line num="8" count="30" type="cond" truecount="2" falsecount="0"/>
      <line num="9" count="28" type="cond" truecount="2" falsecount="0"/>
      <line num="12" count="30" type="cond" truecount="2" falsecount="0"/>
      <line num="13" count="28" type="cond" truecount="2" falsecount="0"/>
      <line num="16" count="30" type="cond" truecount="2" falsecount="0"/>
      <line num="18" count="28" type="stmt"/>
      <line num="19" count="28" type="cond" truecount="2" falsecount="0"/>
      <line num="23" count="30" type="cond" truecount="2" falsecount="0"/>
      <line num="25" count="28" type="stmt"/>
      <line num="26" count="28" type="stmt"/>
      <line num="27" count="28" type="stmt"/>
      <line num="28" count="28" type="stmt"/>
      <line num="29" count="28" type="cond" truecount="4" falsecount="1"/>
      <line num="30" count="0" type="stmt"/>
      <line num="32" count="28" type="cond" truecount="2" falsecount="0"/>
      <line num="36" count="30" type="cond" truecount="2" falsecount="0"/>
      <line num="38" count="28" type="cond" truecount="2" falsecount="0"/>
      <line num="39" count="28" type="cond" truecount="2" falsecount="0"/>
      <line num="40" count="28" type="cond" truecount="2" falsecount="0"/>
      <line num="44" count="30" type="cond" truecount="2" falsecount="0"/>
      <line num="46" count="30" type="stmt"/>
      <line num="52" count="1" type="cond" truecount="1" falsecount="1"/>
      <line num="53" count="0" type="stmt"/>
      <line num="54" count="0" type="stmt"/>
      <line num="55" count="0" type="stmt"/>
      <line num="63" count="0" type="stmt"/>
      <line num="64" count="0" type="stmt"/>
      <line num="65" count="0" type="stmt"/>
      <line num="66" count="0" type="cond" truecount="0" falsecount="2"/>
      <line num="67" count="0" type="stmt"/>
      <line num="69" count="0" type="stmt"/>
      <line num="70" count="0" type="stmt"/>
      <line num="75" count="1" type="cond" truecount="1" falsecount="1"/>
      <line num="78" count="1" type="cond" truecount="1" falsecount="1"/>
      <line num="79" count="0" type="stmt"/>
      <line num="80" count="0" type="stmt"/>
      <line num="83" count="0" type="stmt"/>
      <line num="92" count="0" type="stmt"/>
      <line num="93" count="0" type="stmt"/>
      <line num="94" count="0" type="stmt"/>
      <line num="96" count="0" type="cond" truecount="0" falsecount="2"/>
      <line num="97" count="0" type="stmt"/>
      <line num="98" count="0" type="stmt"/>
      <line num="101" count="0" type="stmt"/>
      <line num="102" count="0" type="stmt"/>
      <line num="108" count="1" type="cond" truecount="1" falsecount="1"/>
      <line num="109" count="1" type="stmt"/>
    </file>
  </project>
</coverage>
