{"/Users/yagmureksi/unitTestProject/src/app.js": {"path":"/Users/yagmureksi/unitTestProject/src/app.js","statementMap":{"0":{"start":{"line":4,"column":75},"end":{"line":4,"column":79}},"1":{"start":{"line":5,"column":17},"end":{"line":5,"column":19}},"2":{"start":{"line":8,"column":4},"end":{"line":9,"column":85}},"3":{"start":{"line":8,"column":20},"end":{"line":8,"column":59}},"4":{"start":{"line":9,"column":9},"end":{"line":9,"column":85}},"5":{"start":{"line":9,"column":36},"end":{"line":9,"column":85}},"6":{"start":{"line":12,"column":4},"end":{"line":13,"column":87}},"7":{"start":{"line":12,"column":19},"end":{"line":12,"column":57}},"8":{"start":{"line":13,"column":9},"end":{"line":13,"column":87}},"9":{"start":{"line":13,"column":35},"end":{"line":13,"column":87}},"10":{"start":{"line":16,"column":4},"end":{"line":20,"column":5}},"11":{"start":{"line":16,"column":16},"end":{"line":16,"column":58}},"12":{"start":{"line":18,"column":27},"end":{"line":18,"column":77}},"13":{"start":{"line":19,"column":8},"end":{"line":19,"column":88}},"14":{"start":{"line":19,"column":37},"end":{"line":19,"column":88}},"15":{"start":{"line":23,"column":4},"end":{"line":33,"column":5}},"16":{"start":{"line":23,"column":14},"end":{"line":23,"column":56}},"17":{"start":{"line":25,"column":26},"end":{"line":25,"column":39}},"18":{"start":{"line":26,"column":22},"end":{"line":26,"column":32}},"19":{"start":{"line":27,"column":18},"end":{"line":27,"column":63}},"20":{"start":{"line":28,"column":26},"end":{"line":28,"column":65}},"21":{"start":{"line":29,"column":8},"end":{"line":31,"column":9}},"22":{"start":{"line":30,"column":12},"end":{"line":30,"column":18}},"23":{"start":{"line":32,"column":8},"end":{"line":32,"column":99}},"24":{"start":{"line":32,"column":22},"end":{"line":32,"column":99}},"25":{"start":{"line":36,"column":4},"end":{"line":41,"column":5}},"26":{"start":{"line":36,"column":19},"end":{"line":36,"column":56}},"27":{"start":{"line":38,"column":8},"end":{"line":38,"column":97}},"28":{"start":{"line":38,"column":33},"end":{"line":38,"column":97}},"29":{"start":{"line":39,"column":8},"end":{"line":39,"column":109}},"30":{"start":{"line":39,"column":37},"end":{"line":39,"column":109}},"31":{"start":{"line":40,"column":8},"end":{"line":40,"column":127}},"32":{"start":{"line":40,"column":54},"end":{"line":40,"column":127}},"33":{"start":{"line":44,"column":4},"end":{"line":44,"column":93}},"34":{"start":{"line":44,"column":38},"end":{"line":44,"column":93}},"35":{"start":{"line":46,"column":4},"end":{"line":49,"column":6}},"36":{"start":{"line":52,"column":0},"end":{"line":73,"column":1}},"37":{"start":{"line":53,"column":4},"end":{"line":72,"column":7}},"38":{"start":{"line":54,"column":8},"end":{"line":54,"column":31}},"39":{"start":{"line":55,"column":25},"end":{"line":62,"column":9}},"40":{"start":{"line":63,"column":23},"end":{"line":63,"column":53}},"41":{"start":{"line":64,"column":27},"end":{"line":64,"column":64}},"42":{"start":{"line":65,"column":8},"end":{"line":65,"column":34}},"43":{"start":{"line":66,"column":8},"end":{"line":71,"column":9}},"44":{"start":{"line":67,"column":12},"end":{"line":67,"column":112}},"45":{"start":{"line":67,"column":45},"end":{"line":67,"column":108}},"46":{"start":{"line":69,"column":12},"end":{"line":69,"column":90}},"47":{"start":{"line":70,"column":12},"end":{"line":70,"column":60}},"48":{"start":{"line":75,"column":0},"end":{"line":75,"column":81}},"49":{"start":{"line":75,"column":37},"end":{"line":75,"column":79}},"50":{"start":{"line":78,"column":0},"end":{"line":105,"column":1}},"51":{"start":{"line":79,"column":4},"end":{"line":104,"column":7}},"52":{"start":{"line":80,"column":8},"end":{"line":80,"column":31}},"53":{"start":{"line":83,"column":25},"end":{"line":90,"column":9}},"54":{"start":{"line":92,"column":23},"end":{"line":92,"column":53}},"55":{"start":{"line":93,"column":27},"end":{"line":93,"column":64}},"56":{"start":{"line":94,"column":8},"end":{"line":94,"column":34}},"57":{"start":{"line":96,"column":8},"end":{"line":103,"column":9}},"58":{"start":{"line":97,"column":12},"end":{"line":99,"column":15}},"59":{"start":{"line":98,"column":16},"end":{"line":98,"column":79}},"60":{"start":{"line":101,"column":12},"end":{"line":101,"column":103}},"61":{"start":{"line":102,"column":12},"end":{"line":102,"column":60}},"62":{"start":{"line":108,"column":0},"end":{"line":110,"column":1}},"63":{"start":{"line":109,"column":4},"end":{"line":109,"column":46}}},"fnMap":{"0":{"name":"validateRegistration","decl":{"start":{"line":3,"column":9},"end":{"line":3,"column":29}},"loc":{"start":{"line":3,"column":36},"end":{"line":50,"column":1}},"line":3},"1":{"name":"(anonymous_1)","decl":{"start":{"line":53,"column":71},"end":{"line":53,"column":72}},"loc":{"start":{"line":53,"column":87},"end":{"line":72,"column":5}},"line":53},"2":{"name":"(anonymous_2)","decl":{"start":{"line":67,"column":34},"end":{"line":67,"column":35}},"loc":{"start":{"line":67,"column":43},"end":{"line":67,"column":110}},"line":67},"3":{"name":"(anonymous_3)","decl":{"start":{"line":79,"column":71},"end":{"line":79,"column":72}},"loc":{"start":{"line":79,"column":87},"end":{"line":104,"column":5}},"line":79},"4":{"name":"(anonymous_4)","decl":{"start":{"line":97,"column":34},"end":{"line":97,"column":35}},"loc":{"start":{"line":97,"column":43},"end":{"line":99,"column":13}},"line":97}},"branchMap":{"0":{"loc":{"start":{"line":8,"column":4},"end":{"line":9,"column":85}},"type":"if","locations":[{"start":{"line":8,"column":4},"end":{"line":9,"column":85}},{"start":{"line":9,"column":9},"end":{"line":9,"column":85}}],"line":8},"1":{"loc":{"start":{"line":9,"column":9},"end":{"line":9,"column":85}},"type":"if","locations":[{"start":{"line":9,"column":9},"end":{"line":9,"column":85}},{"start":{},"end":{}}],"line":9},"2":{"loc":{"start":{"line":12,"column":4},"end":{"line":13,"column":87}},"type":"if","locations":[{"start":{"line":12,"column":4},"end":{"line":13,"column":87}},{"start":{"line":13,"column":9},"end":{"line":13,"column":87}}],"line":12},"3":{"loc":{"start":{"line":13,"column":9},"end":{"line":13,"column":87}},"type":"if","locations":[{"start":{"line":13,"column":9},"end":{"line":13,"column":87}},{"start":{},"end":{}}],"line":13},"4":{"loc":{"start":{"line":16,"column":4},"end":{"line":20,"column":5}},"type":"if","locations":[{"start":{"line":16,"column":4},"end":{"line":20,"column":5}},{"start":{"line":17,"column":9},"end":{"line":20,"column":5}}],"line":16},"5":{"loc":{"start":{"line":19,"column":8},"end":{"line":19,"column":88}},"type":"if","locations":[{"start":{"line":19,"column":8},"end":{"line":19,"column":88}},{"start":{},"end":{}}],"line":19},"6":{"loc":{"start":{"line":23,"column":4},"end":{"line":33,"column":5}},"type":"if","locations":[{"start":{"line":23,"column":4},"end":{"line":33,"column":5}},{"start":{"line":24,"column":9},"end":{"line":33,"column":5}}],"line":23},"7":{"loc":{"start":{"line":29,"column":8},"end":{"line":31,"column":9}},"type":"if","locations":[{"start":{"line":29,"column":8},"end":{"line":31,"column":9}},{"start":{},"end":{}}],"line":29},"8":{"loc":{"start":{"line":29,"column":12},"end":{"line":29,"column":87}},"type":"binary-expr","locations":[{"start":{"line":29,"column":12},"end":{"line":29,"column":25}},{"start":{"line":29,"column":30},"end":{"line":29,"column":45}},{"start":{"line":29,"column":49},"end":{"line":29,"column":86}}],"line":29},"9":{"loc":{"start":{"line":32,"column":8},"end":{"line":32,"column":99}},"type":"if","locations":[{"start":{"line":32,"column":8},"end":{"line":32,"column":99}},{"start":{},"end":{}}],"line":32},"10":{"loc":{"start":{"line":36,"column":4},"end":{"line":41,"column":5}},"type":"if","locations":[{"start":{"line":36,"column":4},"end":{"line":41,"column":5}},{"start":{"line":37,"column":9},"end":{"line":41,"column":5}}],"line":36},"11":{"loc":{"start":{"line":38,"column":8},"end":{"line":38,"column":97}},"type":"if","locations":[{"start":{"line":38,"column":8},"end":{"line":38,"column":97}},{"start":{},"end":{}}],"line":38},"12":{"loc":{"start":{"line":39,"column":8},"end":{"line":39,"column":109}},"type":"if","locations":[{"start":{"line":39,"column":8},"end":{"line":39,"column":109}},{"start":{},"end":{}}],"line":39},"13":{"loc":{"start":{"line":40,"column":8},"end":{"line":40,"column":127}},"type":"if","locations":[{"start":{"line":40,"column":8},"end":{"line":40,"column":127}},{"start":{},"end":{}}],"line":40},"14":{"loc":{"start":{"line":44,"column":4},"end":{"line":44,"column":93}},"type":"if","locations":[{"start":{"line":44,"column":4},"end":{"line":44,"column":93}},{"start":{},"end":{}}],"line":44},"15":{"loc":{"start":{"line":52,"column":0},"end":{"line":73,"column":1}},"type":"if","locations":[{"start":{"line":52,"column":0},"end":{"line":73,"column":1}},{"start":{},"end":{}}],"line":52},"16":{"loc":{"start":{"line":66,"column":8},"end":{"line":71,"column":9}},"type":"if","locations":[{"start":{"line":66,"column":8},"end":{"line":71,"column":9}},{"start":{"line":68,"column":15},"end":{"line":71,"column":9}}],"line":66},"17":{"loc":{"start":{"line":75,"column":0},"end":{"line":75,"column":81}},"type":"if","locations":[{"start":{"line":75,"column":0},"end":{"line":75,"column":81}},{"start":{},"end":{}}],"line":75},"18":{"loc":{"start":{"line":78,"column":0},"end":{"line":105,"column":1}},"type":"if","locations":[{"start":{"line":78,"column":0},"end":{"line":105,"column":1}},{"start":{},"end":{}}],"line":78},"19":{"loc":{"start":{"line":96,"column":8},"end":{"line":103,"column":9}},"type":"if","locations":[{"start":{"line":96,"column":8},"end":{"line":103,"column":9}},{"start":{"line":100,"column":15},"end":{"line":103,"column":9}}],"line":96},"20":{"loc":{"start":{"line":108,"column":0},"end":{"line":110,"column":1}},"type":"if","locations":[{"start":{"line":108,"column":0},"end":{"line":110,"column":1}},{"start":{},"end":{}}],"line":108}},"s":{"0":30,"1":30,"2":30,"3":2,"4":28,"5":1,"6":30,"7":2,"8":28,"9":1,"10":30,"11":2,"12":28,"13":28,"14":3,"15":30,"16":2,"17":28,"18":28,"19":28,"20":28,"21":28,"22":0,"23":28,"24":2,"25":30,"26":2,"27":28,"28":1,"29":28,"30":2,"31":28,"32":2,"33":30,"34":3,"35":30,"36":1,"37":0,"38":0,"39":0,"40":0,"41":0,"42":0,"43":0,"44":0,"45":0,"46":0,"47":0,"48":1,"49":1,"50":1,"51":0,"52":0,"53":0,"54":0,"55":0,"56":0,"57":0,"58":0,"59":0,"60":0,"61":0,"62":1,"63":1},"f":{"0":30,"1":0,"2":0,"3":0,"4":0},"b":{"0":[2,28],"1":[1,27],"2":[2,28],"3":[1,27],"4":[2,28],"5":[3,25],"6":[2,28],"7":[0,28],"8":[28,28,27],"9":[2,26],"10":[2,28],"11":[1,27],"12":[2,26],"13":[2,26],"14":[3,27],"15":[0,1],"16":[0,0],"17":[1,0],"18":[0,1],"19":[0,0],"20":[1,0]},"_coverageSchema":"1a1c01bbd47fc00a2c39e90264f33305004495a9","hash":"ebdd56d709246ced341710bf450accf8c3487cf7"}
}
