{"/Users/yagmureksi/unitTestProject/src/app.js": {"path":"/Users/yagmureksi/unitTestProject/src/app.js","statementMap":{"0":{"start":{"line":6,"column":75},"end":{"line":6,"column":79}},"1":{"start":{"line":7,"column":17},"end":{"line":7,"column":19}},"2":{"start":{"line":10,"column":4},"end":{"line":11,"column":85}},"3":{"start":{"line":10,"column":20},"end":{"line":10,"column":59}},"4":{"start":{"line":11,"column":9},"end":{"line":11,"column":85}},"5":{"start":{"line":11,"column":36},"end":{"line":11,"column":85}},"6":{"start":{"line":14,"column":4},"end":{"line":15,"column":87}},"7":{"start":{"line":14,"column":19},"end":{"line":14,"column":57}},"8":{"start":{"line":15,"column":9},"end":{"line":15,"column":87}},"9":{"start":{"line":15,"column":35},"end":{"line":15,"column":87}},"10":{"start":{"line":18,"column":4},"end":{"line":22,"column":5}},"11":{"start":{"line":18,"column":16},"end":{"line":18,"column":58}},"12":{"start":{"line":20,"column":27},"end":{"line":20,"column":77}},"13":{"start":{"line":21,"column":8},"end":{"line":21,"column":88}},"14":{"start":{"line":21,"column":37},"end":{"line":21,"column":88}},"15":{"start":{"line":25,"column":4},"end":{"line":35,"column":5}},"16":{"start":{"line":25,"column":14},"end":{"line":25,"column":56}},"17":{"start":{"line":27,"column":26},"end":{"line":27,"column":39}},"18":{"start":{"line":28,"column":22},"end":{"line":28,"column":32}},"19":{"start":{"line":29,"column":18},"end":{"line":29,"column":63}},"20":{"start":{"line":30,"column":26},"end":{"line":30,"column":65}},"21":{"start":{"line":31,"column":8},"end":{"line":33,"column":9}},"22":{"start":{"line":32,"column":12},"end":{"line":32,"column":18}},"23":{"start":{"line":34,"column":8},"end":{"line":34,"column":99}},"24":{"start":{"line":34,"column":22},"end":{"line":34,"column":99}},"25":{"start":{"line":38,"column":4},"end":{"line":38,"column":93}},"26":{"start":{"line":38,"column":29},"end":{"line":38,"column":93}},"27":{"start":{"line":39,"column":4},"end":{"line":39,"column":105}},"28":{"start":{"line":39,"column":33},"end":{"line":39,"column":105}},"29":{"start":{"line":42,"column":4},"end":{"line":42,"column":93}},"30":{"start":{"line":42,"column":38},"end":{"line":42,"column":93}},"31":{"start":{"line":44,"column":4},"end":{"line":47,"column":6}},"32":{"start":{"line":50,"column":0},"end":{"line":71,"column":1}},"33":{"start":{"line":51,"column":4},"end":{"line":70,"column":7}},"34":{"start":{"line":52,"column":8},"end":{"line":52,"column":31}},"35":{"start":{"line":53,"column":25},"end":{"line":60,"column":9}},"36":{"start":{"line":61,"column":23},"end":{"line":61,"column":53}},"37":{"start":{"line":62,"column":27},"end":{"line":62,"column":64}},"38":{"start":{"line":63,"column":8},"end":{"line":63,"column":34}},"39":{"start":{"line":64,"column":8},"end":{"line":69,"column":9}},"40":{"start":{"line":65,"column":12},"end":{"line":65,"column":112}},"41":{"start":{"line":65,"column":45},"end":{"line":65,"column":108}},"42":{"start":{"line":67,"column":12},"end":{"line":67,"column":90}},"43":{"start":{"line":68,"column":12},"end":{"line":68,"column":60}},"44":{"start":{"line":73,"column":0},"end":{"line":73,"column":81}},"45":{"start":{"line":73,"column":37},"end":{"line":73,"column":79}},"46":{"start":{"line":76,"column":0},"end":{"line":103,"column":1}},"47":{"start":{"line":77,"column":4},"end":{"line":102,"column":7}},"48":{"start":{"line":78,"column":8},"end":{"line":78,"column":31}},"49":{"start":{"line":81,"column":25},"end":{"line":88,"column":9}},"50":{"start":{"line":90,"column":23},"end":{"line":90,"column":53}},"51":{"start":{"line":91,"column":27},"end":{"line":91,"column":64}},"52":{"start":{"line":92,"column":8},"end":{"line":92,"column":34}},"53":{"start":{"line":94,"column":8},"end":{"line":101,"column":9}},"54":{"start":{"line":95,"column":12},"end":{"line":97,"column":15}},"55":{"start":{"line":96,"column":16},"end":{"line":96,"column":79}},"56":{"start":{"line":99,"column":12},"end":{"line":99,"column":103}},"57":{"start":{"line":100,"column":12},"end":{"line":100,"column":60}},"58":{"start":{"line":106,"column":0},"end":{"line":108,"column":1}},"59":{"start":{"line":107,"column":4},"end":{"line":107,"column":46}}},"fnMap":{"0":{"name":"validateRegistration","decl":{"start":{"line":5,"column":9},"end":{"line":5,"column":29}},"loc":{"start":{"line":5,"column":36},"end":{"line":48,"column":1}},"line":5},"1":{"name":"(anonymous_1)","decl":{"start":{"line":51,"column":71},"end":{"line":51,"column":72}},"loc":{"start":{"line":51,"column":87},"end":{"line":70,"column":5}},"line":51},"2":{"name":"(anonymous_2)","decl":{"start":{"line":65,"column":34},"end":{"line":65,"column":35}},"loc":{"start":{"line":65,"column":43},"end":{"line":65,"column":110}},"line":65},"3":{"name":"(anonymous_3)","decl":{"start":{"line":77,"column":71},"end":{"line":77,"column":72}},"loc":{"start":{"line":77,"column":87},"end":{"line":102,"column":5}},"line":77},"4":{"name":"(anonymous_4)","decl":{"start":{"line":95,"column":34},"end":{"line":95,"column":35}},"loc":{"start":{"line":95,"column":43},"end":{"line":97,"column":13}},"line":95}},"branchMap":{"0":{"loc":{"start":{"line":10,"column":4},"end":{"line":11,"column":85}},"type":"if","locations":[{"start":{"line":10,"column":4},"end":{"line":11,"column":85}},{"start":{"line":11,"column":9},"end":{"line":11,"column":85}}],"line":10},"1":{"loc":{"start":{"line":11,"column":9},"end":{"line":11,"column":85}},"type":"if","locations":[{"start":{"line":11,"column":9},"end":{"line":11,"column":85}},{"start":{},"end":{}}],"line":11},"2":{"loc":{"start":{"line":14,"column":4},"end":{"line":15,"column":87}},"type":"if","locations":[{"start":{"line":14,"column":4},"end":{"line":15,"column":87}},{"start":{"line":15,"column":9},"end":{"line":15,"column":87}}],"line":14},"3":{"loc":{"start":{"line":15,"column":9},"end":{"line":15,"column":87}},"type":"if","locations":[{"start":{"line":15,"column":9},"end":{"line":15,"column":87}},{"start":{},"end":{}}],"line":15},"4":{"loc":{"start":{"line":18,"column":4},"end":{"line":22,"column":5}},"type":"if","locations":[{"start":{"line":18,"column":4},"end":{"line":22,"column":5}},{"start":{"line":19,"column":9},"end":{"line":22,"column":5}}],"line":18},"5":{"loc":{"start":{"line":21,"column":8},"end":{"line":21,"column":88}},"type":"if","locations":[{"start":{"line":21,"column":8},"end":{"line":21,"column":88}},{"start":{},"end":{}}],"line":21},"6":{"loc":{"start":{"line":25,"column":4},"end":{"line":35,"column":5}},"type":"if","locations":[{"start":{"line":25,"column":4},"end":{"line":35,"column":5}},{"start":{"line":26,"column":9},"end":{"line":35,"column":5}}],"line":25},"7":{"loc":{"start":{"line":31,"column":8},"end":{"line":33,"column":9}},"type":"if","locations":[{"start":{"line":31,"column":8},"end":{"line":33,"column":9}},{"start":{},"end":{}}],"line":31},"8":{"loc":{"start":{"line":31,"column":12},"end":{"line":31,"column":87}},"type":"binary-expr","locations":[{"start":{"line":31,"column":12},"end":{"line":31,"column":25}},{"start":{"line":31,"column":30},"end":{"line":31,"column":45}},{"start":{"line":31,"column":49},"end":{"line":31,"column":86}}],"line":31},"9":{"loc":{"start":{"line":34,"column":8},"end":{"line":34,"column":99}},"type":"if","locations":[{"start":{"line":34,"column":8},"end":{"line":34,"column":99}},{"start":{},"end":{}}],"line":34},"10":{"loc":{"start":{"line":38,"column":4},"end":{"line":38,"column":93}},"type":"if","locations":[{"start":{"line":38,"column":4},"end":{"line":38,"column":93}},{"start":{},"end":{}}],"line":38},"11":{"loc":{"start":{"line":39,"column":4},"end":{"line":39,"column":105}},"type":"if","locations":[{"start":{"line":39,"column":4},"end":{"line":39,"column":105}},{"start":{},"end":{}}],"line":39},"12":{"loc":{"start":{"line":42,"column":4},"end":{"line":42,"column":93}},"type":"if","locations":[{"start":{"line":42,"column":4},"end":{"line":42,"column":93}},{"start":{},"end":{}}],"line":42},"13":{"loc":{"start":{"line":50,"column":0},"end":{"line":71,"column":1}},"type":"if","locations":[{"start":{"line":50,"column":0},"end":{"line":71,"column":1}},{"start":{},"end":{}}],"line":50},"14":{"loc":{"start":{"line":64,"column":8},"end":{"line":69,"column":9}},"type":"if","locations":[{"start":{"line":64,"column":8},"end":{"line":69,"column":9}},{"start":{"line":66,"column":15},"end":{"line":69,"column":9}}],"line":64},"15":{"loc":{"start":{"line":73,"column":0},"end":{"line":73,"column":81}},"type":"if","locations":[{"start":{"line":73,"column":0},"end":{"line":73,"column":81}},{"start":{},"end":{}}],"line":73},"16":{"loc":{"start":{"line":76,"column":0},"end":{"line":103,"column":1}},"type":"if","locations":[{"start":{"line":76,"column":0},"end":{"line":103,"column":1}},{"start":{},"end":{}}],"line":76},"17":{"loc":{"start":{"line":94,"column":8},"end":{"line":101,"column":9}},"type":"if","locations":[{"start":{"line":94,"column":8},"end":{"line":101,"column":9}},{"start":{"line":98,"column":15},"end":{"line":101,"column":9}}],"line":94},"18":{"loc":{"start":{"line":106,"column":0},"end":{"line":108,"column":1}},"type":"if","locations":[{"start":{"line":106,"column":0},"end":{"line":108,"column":1}},{"start":{},"end":{}}],"line":106}},"s":{"0":30,"1":30,"2":30,"3":2,"4":28,"5":1,"6":30,"7":2,"8":28,"9":1,"10":30,"11":2,"12":28,"13":28,"14":3,"15":30,"16":2,"17":28,"18":28,"19":28,"20":28,"21":28,"22":0,"23":28,"24":2,"25":30,"26":2,"27":30,"28":4,"29":30,"30":3,"31":30,"32":1,"33":0,"34":0,"35":0,"36":0,"37":0,"38":0,"39":0,"40":0,"41":0,"42":0,"43":0,"44":1,"45":1,"46":1,"47":0,"48":0,"49":0,"50":0,"51":0,"52":0,"53":0,"54":0,"55":0,"56":0,"57":0,"58":1,"59":1},"f":{"0":30,"1":0,"2":0,"3":0,"4":0},"b":{"0":[2,28],"1":[1,27],"2":[2,28],"3":[1,27],"4":[2,28],"5":[3,25],"6":[2,28],"7":[0,28],"8":[28,28,27],"9":[2,26],"10":[2,28],"11":[4,26],"12":[3,27],"13":[0,1],"14":[0,0],"15":[1,0],"16":[0,1],"17":[0,0],"18":[1,0]},"_coverageSchema":"1a1c01bbd47fc00a2c39e90264f33305004495a9","hash":"e34de7f6a85f0a60825a13cf497037616e442269"}
}
