TN:
SF:src/app.js
FN:5,validateRegistration
FN:51,(anonymous_1)
FN:65,(anonymous_2)
FN:77,(anonymous_3)
FN:95,(anonymous_4)
FNF:5
FNH:1
FNDA:30,validateRegistration
FNDA:0,(anonymous_1)
FNDA:0,(anonymous_2)
FNDA:0,(anonymous_3)
FNDA:0,(anonymous_4)
DA:6,30
DA:7,30
DA:10,30
DA:11,28
DA:14,30
DA:15,28
DA:18,30
DA:20,28
DA:21,28
DA:25,30
DA:27,28
DA:28,28
DA:29,28
DA:30,28
DA:31,28
DA:32,0
DA:34,28
DA:38,30
DA:39,30
DA:42,30
DA:44,30
DA:50,1
DA:51,0
DA:52,0
DA:53,0
DA:61,0
DA:62,0
DA:63,0
DA:64,0
DA:65,0
DA:67,0
DA:68,0
DA:73,1
DA:76,1
DA:77,0
DA:78,0
DA:81,0
DA:90,0
DA:91,0
DA:92,0
DA:94,0
DA:95,0
DA:96,0
DA:99,0
DA:100,0
DA:106,1
DA:107,1
LF:47
LH:25
BRDA:10,0,0,2
BRDA:10,0,1,28
BRDA:11,1,0,1
BRDA:11,1,1,27
BRDA:14,2,0,2
BRDA:14,2,1,28
BRDA:15,3,0,1
BRDA:15,3,1,27
BRDA:18,4,0,2
BRDA:18,4,1,28
BRDA:21,5,0,3
BRDA:21,5,1,25
BRDA:25,6,0,2
BRDA:25,6,1,28
BRDA:31,7,0,0
BRDA:31,7,1,28
BRDA:31,8,0,28
BRDA:31,8,1,28
BRDA:31,8,2,27
BRDA:34,9,0,2
BRDA:34,9,1,26
BRDA:38,10,0,2
BRDA:38,10,1,28
BRDA:39,11,0,4
BRDA:39,11,1,26
BRDA:42,12,0,3
BRDA:42,12,1,27
BRDA:50,13,0,0
BRDA:50,13,1,1
BRDA:64,14,0,0
BRDA:64,14,1,0
BRDA:73,15,0,1
BRDA:73,15,1,0
BRDA:76,16,0,0
BRDA:76,16,1,1
BRDA:94,17,0,0
BRDA:94,17,1,0
BRDA:106,18,0,1
BRDA:106,18,1,0
BRF:39
BRH:30
end_of_record
