TN:
SF:src/app.js
FN:3,validateRegistration
FN:53,(anonymous_1)
FN:67,(anonymous_2)
FN:79,(anonymous_3)
FN:97,(anonymous_4)
FNF:5
FNH:1
FNDA:30,validateRegistration
FNDA:0,(anonymous_1)
FNDA:0,(anonymous_2)
FNDA:0,(anonymous_3)
FNDA:0,(anonymous_4)
DA:4,30
DA:5,30
DA:8,30
DA:9,28
DA:12,30
DA:13,28
DA:16,30
DA:18,28
DA:19,28
DA:23,30
DA:25,28
DA:26,28
DA:27,28
DA:28,28
DA:29,28
DA:30,0
DA:32,28
DA:36,30
DA:38,28
DA:39,28
DA:40,28
DA:44,30
DA:46,30
DA:52,1
DA:53,0
DA:54,0
DA:55,0
DA:63,0
DA:64,0
DA:65,0
DA:66,0
DA:67,0
DA:69,0
DA:70,0
DA:75,1
DA:78,1
DA:79,0
DA:80,0
DA:83,0
DA:92,0
DA:93,0
DA:94,0
DA:96,0
DA:97,0
DA:98,0
DA:101,0
DA:102,0
DA:108,1
DA:109,1
LF:49
LH:27
BRDA:8,0,0,2
BRDA:8,0,1,28
BRDA:9,1,0,1
BRDA:9,1,1,27
BRDA:12,2,0,2
BRDA:12,2,1,28
BRDA:13,3,0,1
BRDA:13,3,1,27
BRDA:16,4,0,2
BRDA:16,4,1,28
BRDA:19,5,0,3
BRDA:19,5,1,25
BRDA:23,6,0,2
BRDA:23,6,1,28
BRDA:29,7,0,0
BRDA:29,7,1,28
BRDA:29,8,0,28
BRDA:29,8,1,28
BRDA:29,8,2,27
BRDA:32,9,0,2
BRDA:32,9,1,26
BRDA:36,10,0,2
BRDA:36,10,1,28
BRDA:38,11,0,1
BRDA:38,11,1,27
BRDA:39,12,0,2
BRDA:39,12,1,26
BRDA:40,13,0,2
BRDA:40,13,1,26
BRDA:44,14,0,3
BRDA:44,14,1,27
BRDA:52,15,0,0
BRDA:52,15,1,1
BRDA:66,16,0,0
BRDA:66,16,1,0
BRDA:75,17,0,1
BRDA:75,17,1,0
BRDA:78,18,0,0
BRDA:78,18,1,1
BRDA:96,19,0,0
BRDA:96,19,1,0
BRDA:108,20,0,1
BRDA:108,20,1,0
BRF:43
BRH:34
end_of_record
